{"C:\\Users\\watas\\Projects\\frontend-project-lvl2\\src\\gendiff.js": {"path":"C:\\Users\\watas\\Projects\\frontend-project-lvl2\\src\\gendiff.js","statementMap":{"0":{"start":{"line":6,"column":18},"end":{"line":7,"column":64}},"1":{"start":{"line":6,"column":32},"end":{"line":7,"column":64}},"2":{"start":{"line":9,"column":24},"end":{"line":31,"column":1}},"3":{"start":{"line":10,"column":20},"end":{"line":10,"column":38}},"4":{"start":{"line":11,"column":20},"end":{"line":11,"column":38}},"5":{"start":{"line":12,"column":18},"end":{"line":12,"column":54}},"6":{"start":{"line":13,"column":17},"end":{"line":28,"column":13}},"7":{"start":{"line":14,"column":4},"end":{"line":17,"column":5}},"8":{"start":{"line":15,"column":6},"end":{"line":15,"column":46}},"9":{"start":{"line":16,"column":6},"end":{"line":16,"column":17}},"10":{"start":{"line":18,"column":4},"end":{"line":21,"column":5}},"11":{"start":{"line":19,"column":6},"end":{"line":19,"column":46}},"12":{"start":{"line":20,"column":6},"end":{"line":20,"column":17}},"13":{"start":{"line":22,"column":4},"end":{"line":25,"column":5}},"14":{"start":{"line":23,"column":6},"end":{"line":23,"column":46}},"15":{"start":{"line":24,"column":6},"end":{"line":24,"column":17}},"16":{"start":{"line":26,"column":4},"end":{"line":26,"column":71}},"17":{"start":{"line":27,"column":4},"end":{"line":27,"column":15}},"18":{"start":{"line":29,"column":2},"end":{"line":29,"column":37}},"19":{"start":{"line":30,"column":2},"end":{"line":30,"column":31}},"20":{"start":{"line":33,"column":16},"end":{"line":36,"column":1}},"21":{"start":{"line":33,"column":42},"end":{"line":36,"column":1}}},"fnMap":{"0":{"name":"(anonymous_0)","decl":{"start":{"line":6,"column":18},"end":{"line":6,"column":19}},"loc":{"start":{"line":6,"column":32},"end":{"line":7,"column":64}},"line":6},"1":{"name":"(anonymous_1)","decl":{"start":{"line":9,"column":24},"end":{"line":9,"column":25}},"loc":{"start":{"line":9,"column":42},"end":{"line":31,"column":1}},"line":9},"2":{"name":"(anonymous_2)","decl":{"start":{"line":13,"column":32},"end":{"line":13,"column":33}},"loc":{"start":{"line":13,"column":46},"end":{"line":28,"column":3}},"line":13},"3":{"name":"(anonymous_3)","decl":{"start":{"line":33,"column":16},"end":{"line":33,"column":17}},"loc":{"start":{"line":33,"column":42},"end":{"line":36,"column":1}},"line":33}},"branchMap":{"0":{"loc":{"start":{"line":14,"column":4},"end":{"line":17,"column":5}},"type":"if","locations":[{"start":{"line":14,"column":4},"end":{"line":17,"column":5}},{"start":{},"end":{}}],"line":14},"1":{"loc":{"start":{"line":18,"column":4},"end":{"line":21,"column":5}},"type":"if","locations":[{"start":{"line":18,"column":4},"end":{"line":21,"column":5}},{"start":{},"end":{}}],"line":18},"2":{"loc":{"start":{"line":22,"column":4},"end":{"line":25,"column":5}},"type":"if","locations":[{"start":{"line":22,"column":4},"end":{"line":25,"column":5}},{"start":{},"end":{}}],"line":22}},"s":{"0":1,"1":3,"2":1,"3":4,"4":4,"5":4,"6":4,"7":11,"8":2,"9":2,"10":9,"11":4,"12":4,"13":5,"14":3,"15":3,"16":2,"17":2,"18":4,"19":4,"20":1,"21":1},"f":{"0":3,"1":4,"2":11,"3":1},"b":{"0":[2,9],"1":[4,5],"2":[3,2]},"_coverageSchema":"1a1c01bbd47fc00a2c39e90264f33305004495a9","hash":"fadf3e24a1d8447102974a7c9ece697b4bc913cb"}
}
